2023-06-24 15:49:40,146 : INFO : Test_Login : test_login_params_003 : 18 : Testcases test_login_params_003 is started
2023-06-24 15:49:40,195 : INFO : Test_Login : test_login_params_003 : 20 : Invoking browser
2023-06-24 15:49:40,196 : INFO : Test_Login : test_login_params_003 : 21 : Opening Url
2023-06-24 15:49:41,668 : INFO : Test_Login : test_login_params_003 : 24 : Clicking on login link
2023-06-24 15:49:41,959 : INFO : Test_Login : test_login_params_003 : 26 : Entering Email-->test@credence.in
2023-06-24 15:49:42,108 : INFO : Test_Login : test_login_params_003 : 28 : Entering password-->test@123
2023-06-24 15:49:43,641 : INFO : Test_Login : test_login_params_003 : 30 : Clicking on login button
2023-06-24 15:49:43,659 : INFO : Test_Login : test_login_params_003 : 33 : Testcases test_login_params_003 is passed
2023-06-24 15:49:43,950 : INFO : Test_Login : test_login_params_003 : 43 : Testcases test_login_params_003 is completed
2023-06-24 15:49:53,542 : INFO : Test_Login : test_login_params_003 : 18 : Testcases test_login_params_003 is started
2023-06-24 15:49:53,543 : INFO : Test_Login : test_login_params_003 : 20 : Invoking browser
2023-06-24 15:49:53,543 : INFO : Test_Login : test_login_params_003 : 21 : Opening Url
2023-06-24 15:49:54,351 : INFO : Test_Login : test_login_params_003 : 24 : Clicking on login link
2023-06-24 15:49:54,476 : INFO : Test_Login : test_login_params_003 : 26 : Entering Email-->test@credence.in1
2023-06-24 15:49:54,577 : INFO : Test_Login : test_login_params_003 : 28 : Entering password-->test@123
2023-06-24 15:49:55,360 : INFO : Test_Login : test_login_params_003 : 30 : Clicking on login button
2023-06-24 15:49:55,381 : INFO : Test_Login : test_login_params_003 : 38 : Testcases test_login_params_003 is failed
2023-06-24 15:50:03,862 : INFO : Test_Login : test_login_params_003 : 18 : Testcases test_login_params_003 is started
2023-06-24 15:50:03,863 : INFO : Test_Login : test_login_params_003 : 20 : Invoking browser
2023-06-24 15:50:03,864 : INFO : Test_Login : test_login_params_003 : 21 : Opening Url
2023-06-24 15:50:04,698 : INFO : Test_Login : test_login_params_003 : 24 : Clicking on login link
2023-06-24 15:50:04,882 : INFO : Test_Login : test_login_params_003 : 26 : Entering Email-->test@credence.in
2023-06-24 15:50:04,993 : INFO : Test_Login : test_login_params_003 : 28 : Entering password-->test@1231
2023-06-24 15:50:05,846 : INFO : Test_Login : test_login_params_003 : 30 : Clicking on login button
2023-06-24 15:50:05,864 : INFO : Test_Login : test_login_params_003 : 38 : Testcases test_login_params_003 is failed
2023-06-24 15:50:23,866 : INFO : Test_Login : test_login_params_003 : 18 : Testcases test_login_params_003 is started
2023-06-24 15:50:23,866 : INFO : Test_Login : test_login_params_003 : 20 : Invoking browser
2023-06-24 15:50:23,866 : INFO : Test_Login : test_login_params_003 : 21 : Opening Url
2023-06-24 15:50:24,770 : INFO : Test_Login : test_login_params_003 : 24 : Clicking on login link
2023-06-24 15:50:24,886 : INFO : Test_Login : test_login_params_003 : 26 : Entering Email-->test@credence.in1
2023-06-24 15:50:24,977 : INFO : Test_Login : test_login_params_003 : 28 : Entering password-->test@1231
2023-06-24 15:50:25,766 : INFO : Test_Login : test_login_params_003 : 30 : Clicking on login button
2023-06-24 15:50:25,785 : INFO : Test_Login : test_login_params_003 : 38 : Testcases test_login_params_003 is failed
2023-06-25 12:30:48,662 : INFO : Test_Login : test_login_params_003 : 18 : Testcases test_login_params_003 is started
2023-06-25 12:30:48,704 : INFO : Test_Login : test_login_params_003 : 20 : Invoking browser
2023-06-25 12:30:48,705 : INFO : Test_Login : test_login_params_003 : 21 : Opening Url
2023-06-25 12:30:49,764 : INFO : Test_Login : test_login_params_003 : 24 : Clicking on login link
2023-06-25 12:30:50,074 : INFO : Test_Login : test_login_params_003 : 26 : Entering Email-->test@credence.in
2023-06-25 12:30:50,253 : INFO : Test_Login : test_login_params_003 : 28 : Entering password-->test@123
2023-06-25 12:30:51,971 : INFO : Test_Login : test_login_params_003 : 30 : Clicking on login button
2023-06-25 12:30:52,042 : INFO : Test_Login : test_login_params_003 : 33 : Testcases test_login_params_003 is passed
2023-06-25 12:30:52,344 : INFO : Test_Login : test_login_params_003 : 43 : Testcases test_login_params_003 is completed
2023-06-25 12:31:00,349 : INFO : Test_Login : test_login_params_003 : 18 : Testcases test_login_params_003 is started
2023-06-25 12:31:00,350 : INFO : Test_Login : test_login_params_003 : 20 : Invoking browser
2023-06-25 12:31:00,351 : INFO : Test_Login : test_login_params_003 : 21 : Opening Url
2023-06-25 12:31:01,267 : INFO : Test_Login : test_login_params_003 : 24 : Clicking on login link
2023-06-25 12:31:01,401 : INFO : Test_Login : test_login_params_003 : 26 : Entering Email-->test@credence.in1
2023-06-25 12:31:01,504 : INFO : Test_Login : test_login_params_003 : 28 : Entering password-->test@123
2023-06-25 12:31:02,355 : INFO : Test_Login : test_login_params_003 : 30 : Clicking on login button
2023-06-25 12:31:02,404 : INFO : Test_Login : test_login_params_003 : 38 : Testcases test_login_params_003 is failed
2023-06-25 12:31:10,560 : INFO : Test_Login : test_login_params_003 : 18 : Testcases test_login_params_003 is started
2023-06-25 12:31:10,561 : INFO : Test_Login : test_login_params_003 : 20 : Invoking browser
2023-06-25 12:31:10,561 : INFO : Test_Login : test_login_params_003 : 21 : Opening Url
2023-06-25 12:31:11,570 : INFO : Test_Login : test_login_params_003 : 24 : Clicking on login link
2023-06-25 12:31:11,717 : INFO : Test_Login : test_login_params_003 : 26 : Entering Email-->test@credence.in
2023-06-25 12:31:11,820 : INFO : Test_Login : test_login_params_003 : 28 : Entering password-->test@1231
2023-06-25 12:31:12,677 : INFO : Test_Login : test_login_params_003 : 30 : Clicking on login button
2023-06-25 12:31:12,695 : INFO : Test_Login : test_login_params_003 : 38 : Testcases test_login_params_003 is failed
2023-06-25 12:31:21,691 : INFO : Test_Login : test_login_params_003 : 18 : Testcases test_login_params_003 is started
2023-06-25 12:31:21,692 : INFO : Test_Login : test_login_params_003 : 20 : Invoking browser
2023-06-25 12:31:21,693 : INFO : Test_Login : test_login_params_003 : 21 : Opening Url
2023-06-25 12:31:22,686 : INFO : Test_Login : test_login_params_003 : 24 : Clicking on login link
2023-06-25 12:31:22,820 : INFO : Test_Login : test_login_params_003 : 26 : Entering Email-->test@credence.in1
2023-06-25 12:31:22,928 : INFO : Test_Login : test_login_params_003 : 28 : Entering password-->test@1231
2023-06-25 12:31:23,790 : INFO : Test_Login : test_login_params_003 : 30 : Clicking on login button
2023-06-25 12:31:23,838 : INFO : Test_Login : test_login_params_003 : 38 : Testcases test_login_params_003 is failed
